Success (4):
content 29173 _a-0000e3b4-2fa2-8000-29b8-01ef9001ef90_177078 "ASD_Constants"
content 29174 _a-0000e3b4-2fa2-8000-29b8-01ef9001ef90_177084 "ASD_Rules"
content 29175 _a-0000e3b4-2fa2-8000-29b8-01ef9001ef90_177100 "ASD_ENV_URL"
application 29172 _a-0000e3b4-2fa2-8000-29b8-01ef9001ef90_177070 "Appian SDLC Application"

Trace:
2019-12-17 06:10:18.862 DEBUG application 29172 _a-0000e3b4-2fa2-8000-29b8-01ef9001ef90_177070 Begin transport.
2019-12-17 06:10:18.862 DEBUG application 29172 _a-0000e3b4-2fa2-8000-29b8-01ef9001ef90_177070 Retrieving object data.
2019-12-17 06:10:18.866 DEBUG application 29172 _a-0000e3b4-2fa2-8000-29b8-01ef9001ef90_177070 App associated objects: [content=[_a-0000e3b4-2fa2-8000-29b8-01ef9001ef90_177078, _a-0000e3b4-2fa2-8000-29b8-01ef9001ef90_177084, _a-0000e3b4-2fa2-8000-29b8-01ef9001ef90_177100]]
2019-12-17 06:10:18.868 DEBUG application 29172 _a-0000e3b4-2fa2-8000-29b8-01ef9001ef90_177070 Invalid associated objects: []
2019-12-17 06:10:18.868 DEBUG application 29172 _a-0000e3b4-2fa2-8000-29b8-01ef9001ef90_177070 Adding valid associated objects to be exported: GlobalBindingMap[content={_a-0000e3b4-2fa2-8000-29b8-01ef9001ef90_177078=29173, _a-0000e3b4-2fa2-8000-29b8-01ef9001ef90_177084=29174, _a-0000e3b4-2fa2-8000-29b8-01ef9001ef90_177100=29175}]
2019-12-17 06:10:18.868 DEBUG application 29172 _a-0000e3b4-2fa2-8000-29b8-01ef9001ef90_177070 Setting uuids of object references.
2019-12-17 06:10:18.868 DEBUG application 29172 _a-0000e3b4-2fa2-8000-29b8-01ef9001ef90_177070 Processing reference: Application.forum
2019-12-17 06:10:18.869 DEBUG application 29172 _a-0000e3b4-2fa2-8000-29b8-01ef9001ef90_177070 Processing reference: Application.parent
2019-12-17 06:10:18.871 DEBUG application 29172 _a-0000e3b4-2fa2-8000-29b8-01ef9001ef90_177070 Processing reference: com.appiancorp.suiteapi.content.ContentRoleMap@15aa7de[
  ContentRole[name=readers,inherit=false,allowForAll=false]
  ContentRole[name=authors,inherit=false,allowForAll=false]
  ContentRole[name=administrators,inherit=false,allowForAll=false]
  ContentRole[name=denyReaders,inherit=false,allowForAll=false]
  ContentRole[name=denyAuthors,inherit=false,allowForAll=false]
  ContentRole[name=denyAdministrators,inherit=false,allowForAll=false]
  securityVector=1:SEC_PUBLIC=true,SEC_CREATOR_ADMIN=false,SEC_INH_ADMIN=false,SEC_INH_EDITOR=false,SEC_INH_VIEWER=false,SEC_ALL_ADMIN=false,SEC_ALL_EDITOR=false,SEC_ALL_VIEWER=false
]
2019-12-17 06:10:18.871 DEBUG application 29172 _a-0000e3b4-2fa2-8000-29b8-01ef9001ef90_177070 Processing reference: ContentRole[name=readers,inherit=false,allowForAll=false]
2019-12-17 06:10:18.871 DEBUG application 29172 _a-0000e3b4-2fa2-8000-29b8-01ef9001ef90_177070 Processing reference: ContentRole[name=authors,inherit=false,allowForAll=false]
2019-12-17 06:10:18.871 DEBUG application 29172 _a-0000e3b4-2fa2-8000-29b8-01ef9001ef90_177070 Processing reference: ContentRole[name=administrators,inherit=false,allowForAll=false]
2019-12-17 06:10:18.871 DEBUG application 29172 _a-0000e3b4-2fa2-8000-29b8-01ef9001ef90_177070 Processing reference: ContentRole[name=denyReaders,inherit=false,allowForAll=false]
2019-12-17 06:10:18.871 DEBUG application 29172 _a-0000e3b4-2fa2-8000-29b8-01ef9001ef90_177070 Processing reference: ContentRole[name=denyAuthors,inherit=false,allowForAll=false]
2019-12-17 06:10:18.871 DEBUG application 29172 _a-0000e3b4-2fa2-8000-29b8-01ef9001ef90_177070 Processing reference: ContentRole[name=denyAdministrators,inherit=false,allowForAll=false]
2019-12-17 06:10:18.873 DEBUG content 29173 _a-0000e3b4-2fa2-8000-29b8-01ef9001ef90_177078 Begin transport.
2019-12-17 06:10:18.873 DEBUG content 29173 _a-0000e3b4-2fa2-8000-29b8-01ef9001ef90_177078 Retrieving object data.
2019-12-17 06:10:18.882 DEBUG content 29173 _a-0000e3b4-2fa2-8000-29b8-01ef9001ef90_177078 Setting uuids of object references.
2019-12-17 06:10:18.882 DEBUG content 29173 _a-0000e3b4-2fa2-8000-29b8-01ef9001ef90_177078 Processing reference: RulesFolder.forum
2019-12-17 06:10:18.883 DEBUG content 29173 _a-0000e3b4-2fa2-8000-29b8-01ef9001ef90_177078 Processing reference: RulesFolder.parent
2019-12-17 06:10:18.886 DEBUG content 29173 _a-0000e3b4-2fa2-8000-29b8-01ef9001ef90_177078 Processing reference: com.appiancorp.suiteapi.content.ContentRoleMap@6a3d32d[
  ContentRole[name=readers,inherit=false,allowForAll=false]
  ContentRole[name=authors,inherit=false,allowForAll=false]
  ContentRole[name=administrators,inherit=false,allowForAll=false]
  ContentRole[name=denyReaders,inherit=false,allowForAll=false]
  ContentRole[name=denyAuthors,inherit=false,allowForAll=false]
  ContentRole[name=denyAdministrators,inherit=false,allowForAll=false]
  securityVector=1:SEC_PUBLIC=true,SEC_CREATOR_ADMIN=false,SEC_INH_ADMIN=false,SEC_INH_EDITOR=false,SEC_INH_VIEWER=false,SEC_ALL_ADMIN=false,SEC_ALL_EDITOR=false,SEC_ALL_VIEWER=false
]
2019-12-17 06:10:18.886 DEBUG content 29173 _a-0000e3b4-2fa2-8000-29b8-01ef9001ef90_177078 Processing reference: ContentRole[name=readers,inherit=false,allowForAll=false]
2019-12-17 06:10:18.886 DEBUG content 29173 _a-0000e3b4-2fa2-8000-29b8-01ef9001ef90_177078 Processing reference: ContentRole[name=authors,inherit=false,allowForAll=false]
2019-12-17 06:10:18.886 DEBUG content 29173 _a-0000e3b4-2fa2-8000-29b8-01ef9001ef90_177078 Processing reference: ContentRole[name=administrators,inherit=false,allowForAll=false]
2019-12-17 06:10:18.886 DEBUG content 29173 _a-0000e3b4-2fa2-8000-29b8-01ef9001ef90_177078 Processing reference: ContentRole[name=denyReaders,inherit=false,allowForAll=false]
2019-12-17 06:10:18.886 DEBUG content 29173 _a-0000e3b4-2fa2-8000-29b8-01ef9001ef90_177078 Processing reference: ContentRole[name=denyAuthors,inherit=false,allowForAll=false]
2019-12-17 06:10:18.887 DEBUG content 29173 _a-0000e3b4-2fa2-8000-29b8-01ef9001ef90_177078 Processing reference: ContentRole[name=denyAdministrators,inherit=false,allowForAll=false]
2019-12-17 06:10:18.887 DEBUG content 29173 _a-0000e3b4-2fa2-8000-29b8-01ef9001ef90_177078 Completing produce.
2019-12-17 06:10:18.887 DEBUG content 29173 _a-0000e3b4-2fa2-8000-29b8-01ef9001ef90_177078 Exporting binary resources.
2019-12-17 06:10:18.887 DEBUG content 29173 _a-0000e3b4-2fa2-8000-29b8-01ef9001ef90_177078 Serializing object to XML.
2019-12-17 06:10:18.888 DEBUG content 29173 _a-0000e3b4-2fa2-8000-29b8-01ef9001ef90_177078 Object transported.
2019-12-17 06:10:18.888 DEBUG content 29174 _a-0000e3b4-2fa2-8000-29b8-01ef9001ef90_177084 Begin transport.
2019-12-17 06:10:18.888 DEBUG content 29174 _a-0000e3b4-2fa2-8000-29b8-01ef9001ef90_177084 Retrieving object data.
2019-12-17 06:10:18.897 DEBUG content 29174 _a-0000e3b4-2fa2-8000-29b8-01ef9001ef90_177084 Setting uuids of object references.
2019-12-17 06:10:18.897 DEBUG content 29174 _a-0000e3b4-2fa2-8000-29b8-01ef9001ef90_177084 Processing reference: RulesFolder.forum
2019-12-17 06:10:18.897 DEBUG content 29174 _a-0000e3b4-2fa2-8000-29b8-01ef9001ef90_177084 Processing reference: RulesFolder.parent
2019-12-17 06:10:18.9 DEBUG content 29174 _a-0000e3b4-2fa2-8000-29b8-01ef9001ef90_177084 Processing reference: com.appiancorp.suiteapi.content.ContentRoleMap@5d1c3614[
  ContentRole[name=readers,inherit=false,allowForAll=false]
  ContentRole[name=authors,inherit=false,allowForAll=false]
  ContentRole[name=administrators,inherit=false,allowForAll=false]
  ContentRole[name=denyReaders,inherit=false,allowForAll=false]
  ContentRole[name=denyAuthors,inherit=false,allowForAll=false]
  ContentRole[name=denyAdministrators,inherit=false,allowForAll=false]
  securityVector=1:SEC_PUBLIC=true,SEC_CREATOR_ADMIN=false,SEC_INH_ADMIN=false,SEC_INH_EDITOR=false,SEC_INH_VIEWER=false,SEC_ALL_ADMIN=false,SEC_ALL_EDITOR=false,SEC_ALL_VIEWER=false
]
2019-12-17 06:10:18.9 DEBUG content 29174 _a-0000e3b4-2fa2-8000-29b8-01ef9001ef90_177084 Processing reference: ContentRole[name=readers,inherit=false,allowForAll=false]
2019-12-17 06:10:18.9 DEBUG content 29174 _a-0000e3b4-2fa2-8000-29b8-01ef9001ef90_177084 Processing reference: ContentRole[name=authors,inherit=false,allowForAll=false]
2019-12-17 06:10:18.9 DEBUG content 29174 _a-0000e3b4-2fa2-8000-29b8-01ef9001ef90_177084 Processing reference: ContentRole[name=administrators,inherit=false,allowForAll=false]
2019-12-17 06:10:18.9 DEBUG content 29174 _a-0000e3b4-2fa2-8000-29b8-01ef9001ef90_177084 Processing reference: ContentRole[name=denyReaders,inherit=false,allowForAll=false]
2019-12-17 06:10:18.9 DEBUG content 29174 _a-0000e3b4-2fa2-8000-29b8-01ef9001ef90_177084 Processing reference: ContentRole[name=denyAuthors,inherit=false,allowForAll=false]
2019-12-17 06:10:18.9 DEBUG content 29174 _a-0000e3b4-2fa2-8000-29b8-01ef9001ef90_177084 Processing reference: ContentRole[name=denyAdministrators,inherit=false,allowForAll=false]
2019-12-17 06:10:18.9 DEBUG content 29174 _a-0000e3b4-2fa2-8000-29b8-01ef9001ef90_177084 Completing produce.
2019-12-17 06:10:18.9 DEBUG content 29174 _a-0000e3b4-2fa2-8000-29b8-01ef9001ef90_177084 Exporting binary resources.
2019-12-17 06:10:18.9 DEBUG content 29174 _a-0000e3b4-2fa2-8000-29b8-01ef9001ef90_177084 Serializing object to XML.
2019-12-17 06:10:18.903 DEBUG content 29174 _a-0000e3b4-2fa2-8000-29b8-01ef9001ef90_177084 Object transported.
2019-12-17 06:10:18.903 DEBUG content 29175 _a-0000e3b4-2fa2-8000-29b8-01ef9001ef90_177100 Begin transport.
2019-12-17 06:10:18.903 DEBUG content 29175 _a-0000e3b4-2fa2-8000-29b8-01ef9001ef90_177100 Retrieving object data.
2019-12-17 06:10:18.912 DEBUG content 29175 _a-0000e3b4-2fa2-8000-29b8-01ef9001ef90_177100 Setting uuids of object references.
2019-12-17 06:10:18.912 DEBUG content 29175 _a-0000e3b4-2fa2-8000-29b8-01ef9001ef90_177100 Processing reference: [Content:id=29175,versionId=-1,name=ASD_ENV_URL,type=32,subtype=0,uuid=_a-0000e3b4-2fa2-8000-29b8-01ef9001ef90_177100,parent=29173]
2019-12-17 06:10:18.912 DEBUG content 29175 _a-0000e3b4-2fa2-8000-29b8-01ef9001ef90_177100 Processing reference: Constant.forum
2019-12-17 06:10:18.912 DEBUG content 29175 _a-0000e3b4-2fa2-8000-29b8-01ef9001ef90_177100 Processing reference: Constant.parent
2019-12-17 06:10:18.915 DEBUG content 29175 _a-0000e3b4-2fa2-8000-29b8-01ef9001ef90_177100 Processing reference: com.appiancorp.suiteapi.content.ContentRoleMap@1259c6d0[
  ContentRole[name=readers,inherit=true,allowForAll=false]
  ContentRole[name=authors,inherit=true,allowForAll=false]
  ContentRole[name=administrators,inherit=true,allowForAll=false]
  ContentRole[name=denyReaders,inherit=false,allowForAll=false]
  ContentRole[name=denyAuthors,inherit=false,allowForAll=false]
  ContentRole[name=denyAdministrators,inherit=false,allowForAll=false]
  securityVector=15:SEC_PUBLIC=true,SEC_CREATOR_ADMIN=false,SEC_INH_ADMIN=true,SEC_INH_EDITOR=true,SEC_INH_VIEWER=true,SEC_ALL_ADMIN=false,SEC_ALL_EDITOR=false,SEC_ALL_VIEWER=false
]
2019-12-17 06:10:18.915 DEBUG content 29175 _a-0000e3b4-2fa2-8000-29b8-01ef9001ef90_177100 Processing reference: ContentRole[name=readers,inherit=true,allowForAll=false]
2019-12-17 06:10:18.915 DEBUG content 29175 _a-0000e3b4-2fa2-8000-29b8-01ef9001ef90_177100 Processing reference: ContentRole[name=authors,inherit=true,allowForAll=false]
2019-12-17 06:10:18.915 DEBUG content 29175 _a-0000e3b4-2fa2-8000-29b8-01ef9001ef90_177100 Processing reference: ContentRole[name=administrators,inherit=true,allowForAll=false]
2019-12-17 06:10:18.915 DEBUG content 29175 _a-0000e3b4-2fa2-8000-29b8-01ef9001ef90_177100 Processing reference: ContentRole[name=denyReaders,inherit=false,allowForAll=false]
2019-12-17 06:10:18.915 DEBUG content 29175 _a-0000e3b4-2fa2-8000-29b8-01ef9001ef90_177100 Processing reference: ContentRole[name=denyAuthors,inherit=false,allowForAll=false]
2019-12-17 06:10:18.915 DEBUG content 29175 _a-0000e3b4-2fa2-8000-29b8-01ef9001ef90_177100 Processing reference: ContentRole[name=denyAdministrators,inherit=false,allowForAll=false]
2019-12-17 06:10:18.916 DEBUG content 29175 _a-0000e3b4-2fa2-8000-29b8-01ef9001ef90_177100 Completing produce.
2019-12-17 06:10:18.916 DEBUG content 29175 _a-0000e3b4-2fa2-8000-29b8-01ef9001ef90_177100 Exporting binary resources.
2019-12-17 06:10:18.916 DEBUG content 29175 _a-0000e3b4-2fa2-8000-29b8-01ef9001ef90_177100 Serializing object to XML.
2019-12-17 06:10:18.919 DEBUG content 29175 _a-0000e3b4-2fa2-8000-29b8-01ef9001ef90_177100 Object transported.
2019-12-17 06:10:18.919 DEBUG application 29172 _a-0000e3b4-2fa2-8000-29b8-01ef9001ef90_177070 Completing produce.
2019-12-17 06:10:18.919 DEBUG application 29172 _a-0000e3b4-2fa2-8000-29b8-01ef9001ef90_177070 Exporting binary resources.
2019-12-17 06:10:18.919 DEBUG application 29172 _a-0000e3b4-2fa2-8000-29b8-01ef9001ef90_177070 Serializing object to XML.
2019-12-17 06:10:18.921 DEBUG application 29172 _a-0000e3b4-2fa2-8000-29b8-01ef9001ef90_177070 Object transported.
