Success (5):
datatype 4174 {urn:com:appian:types}ASD_Employee "{urn:com:appian:types}ASD_Employee"
dataStore 28372 _a-0000e39b-2374-8000-29b6-01ef9001ef90_172581 "ASD_DS"
processModelFolder 86 _g-0000e367-8744-8000-0b9d-014d98014d98_236 "ASD PM"
processModel 1148 0002e380-940e-8000-0b9d-014d98014d98 "ASD Perform Mathematical Operation"
application 28265 _a-0000e367-8744-8000-0bd6-01ef9001ef90_96144 "Appian SDLC"

Trace:
2019-11-28 07:33:06.678 DEBUG application 28265 _a-0000e367-8744-8000-0bd6-01ef9001ef90_96144 Begin transport.
2019-11-28 07:33:06.678 DEBUG application 28265 _a-0000e367-8744-8000-0bd6-01ef9001ef90_96144 Retrieving object data.
2019-11-28 07:33:06.684 DEBUG application 28265 _a-0000e367-8744-8000-0bd6-01ef9001ef90_96144 App associated objects: [datatype=[{urn:com:appian:types}ASD_Employee],dataStore=[_a-0000e39b-2374-8000-29b6-01ef9001ef90_172581],processModelFolder=[_g-0000e367-8744-8000-0b9d-014d98014d98_236],processModel=[0002e380-940e-8000-0b9d-014d98014d98]]
2019-11-28 07:33:06.689 DEBUG application 28265 _a-0000e367-8744-8000-0bd6-01ef9001ef90_96144 Invalid associated objects: []
2019-11-28 07:33:06.689 DEBUG application 28265 _a-0000e367-8744-8000-0bd6-01ef9001ef90_96144 Adding valid associated objects to be exported: GlobalBindingMap[datatype={{urn:com:appian:types}ASD_Employee=4174},dataStore={_a-0000e39b-2374-8000-29b6-01ef9001ef90_172581=28372},processModelFolder={_g-0000e367-8744-8000-0b9d-014d98014d98_236=86},processModel={0002e380-940e-8000-0b9d-014d98014d98=1148}]
2019-11-28 07:33:06.689 DEBUG application 28265 _a-0000e367-8744-8000-0bd6-01ef9001ef90_96144 Setting uuids of object references.
2019-11-28 07:33:06.689 DEBUG application 28265 _a-0000e367-8744-8000-0bd6-01ef9001ef90_96144 Processing reference: Application.forum
2019-11-28 07:33:06.69 DEBUG application 28265 _a-0000e367-8744-8000-0bd6-01ef9001ef90_96144 Processing reference: Application.parent
2019-11-28 07:33:06.693 DEBUG application 28265 _a-0000e367-8744-8000-0bd6-01ef9001ef90_96144 Processing reference: com.appiancorp.suiteapi.content.ContentRoleMap@6453fd46[
  ContentRole[name=readers,inherit=false,allowForAll=false]
  ContentRole[name=authors,inherit=false,allowForAll=false]
  ContentRole[name=administrators,inherit=false,allowForAll=false]
  ContentRole[name=denyReaders,inherit=false,allowForAll=false]
  ContentRole[name=denyAuthors,inherit=false,allowForAll=false]
  ContentRole[name=denyAdministrators,inherit=false,allowForAll=false]
  securityVector=1:SEC_PUBLIC=true,SEC_CREATOR_ADMIN=false,SEC_INH_ADMIN=false,SEC_INH_EDITOR=false,SEC_INH_VIEWER=false,SEC_ALL_ADMIN=false,SEC_ALL_EDITOR=false,SEC_ALL_VIEWER=false
]
2019-11-28 07:33:06.693 DEBUG application 28265 _a-0000e367-8744-8000-0bd6-01ef9001ef90_96144 Processing reference: ContentRole[name=readers,inherit=false,allowForAll=false]
2019-11-28 07:33:06.693 DEBUG application 28265 _a-0000e367-8744-8000-0bd6-01ef9001ef90_96144 Processing reference: ContentRole[name=authors,inherit=false,allowForAll=false]
2019-11-28 07:33:06.693 DEBUG application 28265 _a-0000e367-8744-8000-0bd6-01ef9001ef90_96144 Processing reference: ContentRole[name=administrators,inherit=false,allowForAll=false]
2019-11-28 07:33:06.693 DEBUG application 28265 _a-0000e367-8744-8000-0bd6-01ef9001ef90_96144 Processing reference: ContentRole[name=denyReaders,inherit=false,allowForAll=false]
2019-11-28 07:33:06.693 DEBUG application 28265 _a-0000e367-8744-8000-0bd6-01ef9001ef90_96144 Processing reference: ContentRole[name=denyAuthors,inherit=false,allowForAll=false]
2019-11-28 07:33:06.693 DEBUG application 28265 _a-0000e367-8744-8000-0bd6-01ef9001ef90_96144 Processing reference: ContentRole[name=denyAdministrators,inherit=false,allowForAll=false]
2019-11-28 07:33:06.694 DEBUG datatype 4174 {urn:com:appian:types}ASD_Employee Begin transport.
2019-11-28 07:33:06.694 DEBUG datatype 4174 {urn:com:appian:types}ASD_Employee Retrieving object data.
2019-11-28 07:33:06.924 DEBUG datatype 4174 {urn:com:appian:types}ASD_Employee Setting uuids of object references.
2019-11-28 07:33:06.925 DEBUG datatype 4174 {urn:com:appian:types}ASD_Employee Completing produce.
2019-11-28 07:33:06.925 DEBUG datatype 4174 {urn:com:appian:types}ASD_Employee Exporting binary resources.
2019-11-28 07:33:06.925 DEBUG datatype 4174 {urn:com:appian:types}ASD_Employee Serializing object to XML.
2019-11-28 07:33:06.926 DEBUG datatype 4174 {urn:com:appian:types}ASD_Employee Object transported.
2019-11-28 07:33:06.929 DEBUG dataStore 28372 _a-0000e39b-2374-8000-29b6-01ef9001ef90_172581 Begin transport.
2019-11-28 07:33:06.929 DEBUG dataStore 28372 _a-0000e39b-2374-8000-29b6-01ef9001ef90_172581 Retrieving object data.
2019-11-28 07:33:06.933 DEBUG dataStore 28372 _a-0000e39b-2374-8000-29b6-01ef9001ef90_172581 Setting uuids of object references.
2019-11-28 07:33:06.934 DEBUG dataStore 28372 _a-0000e39b-2374-8000-29b6-01ef9001ef90_172581 Processing reference: datatypeRef[id=4174]
2019-11-28 07:33:06.934 DEBUG dataStore 28372 _a-0000e39b-2374-8000-29b6-01ef9001ef90_172581 Processing reference: ContentRole[name=administrators,inherit=false,allowForAll=false]
2019-11-28 07:33:06.934 DEBUG dataStore 28372 _a-0000e39b-2374-8000-29b6-01ef9001ef90_172581 Processing reference: ContentRole[name=authors,inherit=false,allowForAll=false]
2019-11-28 07:33:06.934 DEBUG dataStore 28372 _a-0000e39b-2374-8000-29b6-01ef9001ef90_172581 Processing reference: ContentRole[name=denyAdministrators,inherit=false,allowForAll=false]
2019-11-28 07:33:06.934 DEBUG dataStore 28372 _a-0000e39b-2374-8000-29b6-01ef9001ef90_172581 Processing reference: ContentRole[name=denyAuthors,inherit=false,allowForAll=false]
2019-11-28 07:33:06.934 DEBUG dataStore 28372 _a-0000e39b-2374-8000-29b6-01ef9001ef90_172581 Processing reference: ContentRole[name=denyReaders,inherit=false,allowForAll=false]
2019-11-28 07:33:06.934 DEBUG dataStore 28372 _a-0000e39b-2374-8000-29b6-01ef9001ef90_172581 Processing reference: ContentRole[name=readers,inherit=false,allowForAll=false]
2019-11-28 07:33:06.934 DEBUG dataStore 28372 _a-0000e39b-2374-8000-29b6-01ef9001ef90_172581 Completing produce.
2019-11-28 07:33:06.934 DEBUG dataStore 28372 _a-0000e39b-2374-8000-29b6-01ef9001ef90_172581 Exporting binary resources.
2019-11-28 07:33:06.934 DEBUG dataStore 28372 _a-0000e39b-2374-8000-29b6-01ef9001ef90_172581 Serializing object to XML.
2019-11-28 07:33:06.935 DEBUG dataStore 28372 _a-0000e39b-2374-8000-29b6-01ef9001ef90_172581 Object transported.
2019-11-28 07:33:06.937 DEBUG processModelFolder 86 _g-0000e367-8744-8000-0b9d-014d98014d98_236 Begin transport.
2019-11-28 07:33:06.937 DEBUG processModelFolder 86 _g-0000e367-8744-8000-0b9d-014d98014d98_236 Retrieving object data.
2019-11-28 07:33:06.939 DEBUG processModelFolder 86 _g-0000e367-8744-8000-0b9d-014d98014d98_236 Setting uuids of object references.
2019-11-28 07:33:06.939 DEBUG processModelFolder 86 _g-0000e367-8744-8000-0b9d-014d98014d98_236 Processing reference: ProcessModelFolder.parentFolderId
2019-11-28 07:33:06.94 DEBUG processModelFolder 86 _g-0000e367-8744-8000-0b9d-014d98014d98_236 Processing reference: com.appiancorp.suiteapi.process.ProcessRoleMap@48aa2b09[
  Role[name=ADMIN_OWNER]
  Role[name=EDITOR]
  Role[name=EXPLICIT_NONMEMBER]
  Role[name=VIEWER]
  Role[name=MANAGER]
  Role[name=INITIATOR]
]
2019-11-28 07:33:06.94 DEBUG processModelFolder 86 _g-0000e367-8744-8000-0b9d-014d98014d98_236 Processing reference: Role[name=ADMIN_OWNER]
2019-11-28 07:33:06.94 DEBUG processModelFolder 86 _g-0000e367-8744-8000-0b9d-014d98014d98_236 Processing reference: Role[name=EDITOR]
2019-11-28 07:33:06.94 DEBUG processModelFolder 86 _g-0000e367-8744-8000-0b9d-014d98014d98_236 Processing reference: Role[name=EXPLICIT_NONMEMBER]
2019-11-28 07:33:06.94 DEBUG processModelFolder 86 _g-0000e367-8744-8000-0b9d-014d98014d98_236 Processing reference: Role[name=VIEWER]
2019-11-28 07:33:06.94 DEBUG processModelFolder 86 _g-0000e367-8744-8000-0b9d-014d98014d98_236 Processing reference: Role[name=MANAGER]
2019-11-28 07:33:06.94 DEBUG processModelFolder 86 _g-0000e367-8744-8000-0b9d-014d98014d98_236 Processing reference: Role[name=INITIATOR]
2019-11-28 07:33:06.94 DEBUG processModelFolder 86 _g-0000e367-8744-8000-0b9d-014d98014d98_236 Completing produce.
2019-11-28 07:33:06.94 DEBUG processModelFolder 86 _g-0000e367-8744-8000-0b9d-014d98014d98_236 Exporting binary resources.
2019-11-28 07:33:06.94 DEBUG processModelFolder 86 _g-0000e367-8744-8000-0b9d-014d98014d98_236 Serializing object to XML.
2019-11-28 07:33:06.941 DEBUG processModelFolder 86 _g-0000e367-8744-8000-0b9d-014d98014d98_236 Object transported.
2019-11-28 07:33:06.942 DEBUG processModel 1148 0002e380-940e-8000-0b9d-014d98014d98 Begin transport.
2019-11-28 07:33:06.942 DEBUG processModel 1148 0002e380-940e-8000-0b9d-014d98014d98 Retrieving object data.
2019-11-28 07:33:06.979 DEBUG processModel 1148 0002e380-940e-8000-0b9d-014d98014d98 Setting uuids of object references.
2019-11-28 07:33:06.979 DEBUG processModel 1148 0002e380-940e-8000-0b9d-014d98014d98 Processing reference: ProcessModelHaul.folderId
2019-11-28 07:33:06.981 DEBUG processModel 1148 0002e380-940e-8000-0b9d-014d98014d98 Processing reference: ProcessModelHaul.modelDashboardPageId
2019-11-28 07:33:06.981 DEBUG processModel 1148 0002e380-940e-8000-0b9d-014d98014d98 Processing reference: ProcessModelHaul.processDashboardPageId
2019-11-28 07:33:06.981 DEBUG processModel 1148 0002e380-940e-8000-0b9d-014d98014d98 Processing reference: ProcessModel.emailAttachmentFolderId
2019-11-28 07:33:06.982 DEBUG processModel 1148 0002e380-940e-8000-0b9d-014d98014d98 Processing reference: ActivityClassParameter[name=pmID,it=23,v=<null>]
2019-11-28 07:33:06.982 DEBUG processModel 1148 0002e380-940e-8000-0b9d-014d98014d98 Processing reference: ActivityClassParameter[name=inMap,it=111,v={}]
2019-11-28 07:33:06.982 DEBUG processModel 1148 0002e380-940e-8000-0b9d-014d98014d98 Processing reference: ActivityClassParameter[name=procInheritsPriority,it=1,v=1]
2019-11-28 07:33:06.982 DEBUG processModel 1148 0002e380-940e-8000-0b9d-014d98014d98 Processing reference: ActivityClassParameter[name=pmUUID,it=3,v=]
2019-11-28 07:33:06.982 DEBUG processModel 1148 0002e380-940e-8000-0b9d-014d98014d98 Processing reference: ActivityClassParameter[name=isAsynchronous,it=26,v=1]
2019-11-28 07:33:06.982 DEBUG processModel 1148 0002e380-940e-8000-0b9d-014d98014d98 Processing reference: ActivityClassParameter[name=isTransparent,it=26,v=1]
2019-11-28 07:33:06.982 DEBUG processModel 1148 0002e380-940e-8000-0b9d-014d98014d98 Processing reference: ActivityClassParameter[name=inheritSecurity,it=26,v=0]
2019-11-28 07:33:06.983 DEBUG processModel 1148 0002e380-940e-8000-0b9d-014d98014d98 Processing reference: ProcessVariable[name=Sub,it=1,v=0]
2019-11-28 07:33:06.983 DEBUG processModel 1148 0002e380-940e-8000-0b9d-014d98014d98 Processing reference: ProcessVariable[name=pv1,it=1,v=0]
2019-11-28 07:33:06.983 DEBUG processModel 1148 0002e380-940e-8000-0b9d-014d98014d98 Processing reference: ProcessVariable[name=pv2,it=1,v=0]
2019-11-28 07:33:06.983 DEBUG processModel 1148 0002e380-940e-8000-0b9d-014d98014d98 Processing reference: ProcessVariable[name=sum,it=1,v=0]
2019-11-28 07:33:06.983 DEBUG processModel 1148 0002e380-940e-8000-0b9d-014d98014d98 Processing reference: com.appiancorp.suiteapi.process.ProcessRoleMap@122d6d66[
  Role[name=ADMIN_OWNER]
  Role[name=EDITOR]
  Role[name=EXPLICIT_NONMEMBER]
  Role[name=VIEWER]
  Role[name=MANAGER]
  Role[name=INITIATOR]
]
2019-11-28 07:33:06.983 DEBUG processModel 1148 0002e380-940e-8000-0b9d-014d98014d98 Processing reference: Role[name=ADMIN_OWNER]
2019-11-28 07:33:06.983 DEBUG processModel 1148 0002e380-940e-8000-0b9d-014d98014d98 Processing reference: Role[name=EDITOR]
2019-11-28 07:33:06.983 DEBUG processModel 1148 0002e380-940e-8000-0b9d-014d98014d98 Processing reference: Role[name=EXPLICIT_NONMEMBER]
2019-11-28 07:33:06.983 DEBUG processModel 1148 0002e380-940e-8000-0b9d-014d98014d98 Processing reference: Role[name=VIEWER]
2019-11-28 07:33:06.983 DEBUG processModel 1148 0002e380-940e-8000-0b9d-014d98014d98 Processing reference: Role[name=MANAGER]
2019-11-28 07:33:06.983 DEBUG processModel 1148 0002e380-940e-8000-0b9d-014d98014d98 Processing reference: Role[name=INITIATOR]
2019-11-28 07:33:06.984 DEBUG processModel 1148 0002e380-940e-8000-0b9d-014d98014d98 Completing produce.
2019-11-28 07:33:06.984 DEBUG processModel 1148 0002e380-940e-8000-0b9d-014d98014d98 Exporting binary resources.
2019-11-28 07:33:06.984 DEBUG processModel 1148 0002e380-940e-8000-0b9d-014d98014d98 Serializing object to XML.
2019-11-28 07:33:06.992 DEBUG processModel 1148 0002e380-940e-8000-0b9d-014d98014d98 Object transported.
2019-11-28 07:33:06.992 DEBUG application 28265 _a-0000e367-8744-8000-0bd6-01ef9001ef90_96144 Completing produce.
2019-11-28 07:33:06.992 DEBUG application 28265 _a-0000e367-8744-8000-0bd6-01ef9001ef90_96144 Exporting binary resources.
2019-11-28 07:33:06.992 DEBUG application 28265 _a-0000e367-8744-8000-0bd6-01ef9001ef90_96144 Serializing object to XML.
2019-11-28 07:33:06.994 DEBUG application 28265 _a-0000e367-8744-8000-0bd6-01ef9001ef90_96144 Object transported.
